<?xml version="1.0" encoding="UTF-8"?>
<!-- Generated by org.testng.reporters.JUnitXMLReporter -->
<testsuite hostname="DESKTOP-MD2IV3J" ignored="2" name="Default test" tests="1" failures="0" timestamp="28 Feb 2021 09:26:18 GMT" time="19.666" errors="0">
  <testcase name="login" time="6.736" classname="com.jakartalabs.fullstack_automation.WebTests"/>
  <testcase name="testTitle" time="0.0" classname="com.jakartalabs.fullstack_automation.WebTests">
    <ignored/>
  </testcase> <!-- testTitle -->
  <testcase name="loginWithWrongCredentials" time="0.0" classname="com.jakartalabs.fullstack_automation.WebTests">
    <ignored/>
  </testcase> <!-- loginWithWrongCredentials -->
</testsuite> <!-- Default test -->
