<?xml version="1.0" encoding="UTF-8"?>
<!-- Generated by org.testng.reporters.JUnitXMLReporter -->
<testsuite hostname="ChandanPC" ignored="0" name="Test" tests="3" failures="0" timestamp="13 Mar 2021 07:31:01 GMT" time="6.907" errors="0">
  <testcase name="testloginAPIWithIncorrectCredentials" time="4.451" classname="com.jakartalabs.fullstack_automation.APITests"/>
  <testcase name="testloginAPI" time="5.468" classname="com.jakartalabs.fullstack_automation.APITests"/>
  <testcase name="testDashboardAPI" time="1.407" classname="com.jakartalabs.fullstack_automation.APITests"/>
</testsuite> <!-- Test -->
