<?xml version="1.0" encoding="UTF-8"?>
<testng-results skipped="0" failed="0" ignored="0" total="3" passed="3">
  <reporter-output>
  </reporter-output>
  <suite name="Suite" duration-ms="6907" started-at="2021-03-13T07:30:54Z" finished-at="2021-03-13T07:31:01Z">
    <groups>
    </groups>
    <test name="Test" duration-ms="6907" started-at="2021-03-13T07:30:54Z" finished-at="2021-03-13T07:31:01Z">
      <class name="com.jakartalabs.fullstack_automation.APITests">
        <test-method status="PASS" signature="testloginAPIWithIncorrectCredentials()[pri:1, instance:com.jakartalabs.fullstack_automation.APITests@163d04ff]" name="testloginAPIWithIncorrectCredentials" duration-ms="4451" started-at="2021-03-13T07:30:54Z" finished-at="2021-03-13T07:30:59Z">
          <reporter-output>
          </reporter-output>
        </test-method> <!-- testloginAPIWithIncorrectCredentials -->
        <test-method status="PASS" signature="testloginAPI()[pri:1, instance:com.jakartalabs.fullstack_automation.APITests@163d04ff]" name="testloginAPI" duration-ms="5468" started-at="2021-03-13T07:30:54Z" finished-at="2021-03-13T07:31:00Z">
          <reporter-output>
          </reporter-output>
        </test-method> <!-- testloginAPI -->
        <test-method status="PASS" signature="testDashboardAPI()[pri:2, instance:com.jakartalabs.fullstack_automation.APITests@163d04ff]" name="testDashboardAPI" duration-ms="1407" started-at="2021-03-13T07:31:00Z" finished-at="2021-03-13T07:31:01Z">
          <reporter-output>
          </reporter-output>
        </test-method> <!-- testDashboardAPI -->
      </class> <!-- com.jakartalabs.fullstack_automation.APITests -->
    </test> <!-- Test -->
  </suite> <!-- Suite -->
</testng-results>
