<?xml version="1.0" encoding="UTF-8"?>
<testng-results skipped="0" failed="0" ignored="6" total="7" passed="1">
  <reporter-output>
  </reporter-output>
  <suite name="Default suite" duration-ms="45840" started-at="2021-03-13T09:34:25Z" finished-at="2021-03-13T09:35:11Z">
    <groups>
    </groups>
    <test name="Default test" duration-ms="45840" started-at="2021-03-13T09:34:25Z" finished-at="2021-03-13T09:35:11Z">
      <class name="com.jakartalabs.fullstack_automation.WebTests">
        <test-method status="PASS" signature="setUpSystemUnderTest()[pri:0, instance:com.jakartalabs.fullstack_automation.WebTests@5abca1e0]" name="setUpSystemUnderTest" is-config="true" duration-ms="28319" started-at="2021-03-13T09:34:25Z" finished-at="2021-03-13T09:34:54Z">
          <reporter-output>
          </reporter-output>
        </test-method> <!-- setUpSystemUnderTest -->
        <test-method status="PASS" signature="login()[pri:0, instance:com.jakartalabs.fullstack_automation.WebTests@5abca1e0]" name="login" duration-ms="17067" started-at="2021-03-13T09:34:54Z" finished-at="2021-03-13T09:35:11Z">
          <reporter-output>
          </reporter-output>
        </test-method> <!-- login -->
        <test-method status="PASS" signature="cleanUp(org.testng.ITestResult)[pri:0, instance:com.jakartalabs.fullstack_automation.WebTests@5abca1e0]" name="cleanUp" is-config="true" duration-ms="410" started-at="2021-03-13T09:35:11Z" finished-at="2021-03-13T09:35:11Z">
          <params>
            <param index="0">
              <value>
                <![CDATA[[TestResult name=login status=SUCCESS method=WebTests.login()[pri:0, instance:com.jakartalabs.fullstack_automation.WebTests@5abca1e0] output={null}]]]>
              </value>
            </param>
          </params>
          <reporter-output>
          </reporter-output>
        </test-method> <!-- cleanUp -->
      </class> <!-- com.jakartalabs.fullstack_automation.WebTests -->
    </test> <!-- Default test -->
  </suite> <!-- Default suite -->
</testng-results>
