<?xml version="1.0" encoding="UTF-8"?>
<testng-results skipped="0" failed="0" ignored="2" total="3" passed="1">
  <reporter-output>
  </reporter-output>
  <suite name="Default suite" duration-ms="19666" started-at="2021-02-28T09:25:58Z" finished-at="2021-02-28T09:26:18Z">
    <groups>
    </groups>
    <test name="Default test" duration-ms="19666" started-at="2021-02-28T09:25:58Z" finished-at="2021-02-28T09:26:18Z">
      <class name="com.jakartalabs.fullstack_automation.WebTests">
        <test-method status="PASS" signature="setUpSystemUnderTest()[pri:0, instance:com.jakartalabs.fullstack_automation.WebTests@3b07a0d6]" name="setUpSystemUnderTest" is-config="true" duration-ms="12286" started-at="2021-02-28T09:25:58Z" finished-at="2021-02-28T09:26:10Z">
          <reporter-output>
          </reporter-output>
        </test-method> <!-- setUpSystemUnderTest -->
        <test-method status="PASS" signature="login()[pri:0, instance:com.jakartalabs.fullstack_automation.WebTests@3b07a0d6]" name="login" duration-ms="6736" started-at="2021-02-28T09:26:10Z" finished-at="2021-02-28T09:26:17Z">
          <reporter-output>
          </reporter-output>
        </test-method> <!-- login -->
        <test-method status="PASS" signature="cleanUp(org.testng.ITestResult)[pri:0, instance:com.jakartalabs.fullstack_automation.WebTests@3b07a0d6]" name="cleanUp" is-config="true" duration-ms="627" started-at="2021-02-28T09:26:17Z" finished-at="2021-02-28T09:26:18Z">
          <params>
            <param index="0">
              <value>
                <![CDATA[[TestResult name=login status=SUCCESS method=WebTests.login()[pri:0, instance:com.jakartalabs.fullstack_automation.WebTests@3b07a0d6] output={null}]]]>
              </value>
            </param>
          </params>
          <reporter-output>
          </reporter-output>
        </test-method> <!-- cleanUp -->
      </class> <!-- com.jakartalabs.fullstack_automation.WebTests -->
    </test> <!-- Default test -->
  </suite> <!-- Default suite -->
</testng-results>
